<?xml version="1.0" encoding="UTF-8"?>
<testng-results ignored="0" total="1" passed="1" failed="0" skipped="0">
  <reporter-output>
  </reporter-output>
  <suite started-at="2025-11-27T12:03:42 IST" name="Default suite" finished-at="2025-11-27T12:04:00 IST" duration-ms="17853">
    <groups>
    </groups>
    <test started-at="2025-11-27T12:03:42 IST" name="Default test" finished-at="2025-11-27T12:04:00 IST" duration-ms="17853">
      <class name="register.TC_RF_014">
        <test-method signature="verfiyregisterpagefieldwithenterspace()[pri:0, instance:register.TC_RF_014@5c6648b0]" started-at="2025-11-27T12:03:43 IST" name="verfiyregisterpagefieldwithenterspace" finished-at="2025-11-27T12:04:00 IST" duration-ms="17587" status="PASS">
          <reporter-output>
          </reporter-output>
        </test-method> <!-- verfiyregisterpagefieldwithenterspace -->
      </class> <!-- register.TC_RF_014 -->
    </test> <!-- Default test -->
  </suite> <!-- Default suite -->
</testng-results>
