<?xml version="1.0" encoding="UTF-8"?>
<testng-results ignored="0" total="1" passed="1" failed="0" skipped="0">
  <reporter-output>
  </reporter-output>
  <suite started-at="2025-11-22T14:18:56 IST" name="Default suite" finished-at="2025-11-22T14:19:13 IST" duration-ms="17451">
    <groups>
    </groups>
    <test started-at="2025-11-22T14:18:56 IST" name="Default test" finished-at="2025-11-22T14:19:13 IST" duration-ms="17451">
      <class name="register.TC_RF_007">
        <test-method signature="VerifyRegisterpageWithExistingEmail()[pri:0, instance:register.TC_RF_007@6302bbb1]" started-at="2025-11-22T14:18:56 IST" name="VerifyRegisterpageWithExistingEmail" finished-at="2025-11-22T14:19:13 IST" duration-ms="17228" status="PASS">
          <reporter-output>
          </reporter-output>
        </test-method> <!-- VerifyRegisterpageWithExistingEmail -->
      </class> <!-- register.TC_RF_007 -->
    </test> <!-- Default test -->
  </suite> <!-- Default suite -->
</testng-results>
